Database connected
Server listening at http://localhost:3000
[nodeMailer] Gmail transporter verified (smtp.gmail.com:587)
[2026-02-24T17:11:03.784Z] OPTIONS /api/user/profile
Headers: {
  host: 'localhost:3000',
  connection: 'keep-alive',
  accept: '*/*',
  'access-control-request-method': 'PUT',
  'access-control-request-headers': 'authorization,content-type',
  origin: 'http://localhost:5173',
  'user-agent': 'Mozilla/5.0 (iPhone; CPU iPhone OS 18_5 like Mac OS X) AppleWebKit/605.1.15 (KHTML, like Gecko) Version/18.5 Mobile/15E148 Safari/604.1',
  'sec-fetch-mode': 'cors',
  'sec-fetch-site': 'same-site',
  'sec-fetch-dest': 'empty',
  referer: 'http://localhost:5173/',
  'accept-encoding': 'gzip, deflate, br, zstd',
  'accept-language': 'en-US,en;q=0.9,fr;q=0.8'
}
[2026-02-24T17:11:03.789Z] PUT /api/user/profile
Headers: {
  host: 'localhost:3000',
  connection: 'keep-alive',
  'content-length': '42',
  'sec-ch-ua-platform': '"iOS"',
  authorization: 'Bearer eyJhbGciOiJIUzI1NiIsInR5cCI6IkpXVCJ9.eyJpZCI6IjY5OWRkYTUyNTIwMDFjNDNlMTI4ZDE5YyIsInJvbGUiOiJhZG1pbiIsImlhdCI6MTc3MTk1MjkzMSwiZXhwIjoxNzcyNTU3NzMxfQ.-3DifN-WIenWbsLsah7Q0_xf2PFZ2Jl_Ilsn4u-pPX8',
  'sec-ch-ua': '"Not:A-Brand";v="99", "Google Chrome";v="145", "Chromium";v="145"',
  'sec-ch-ua-mobile': '?1',
  'user-agent': 'Mozilla/5.0 (iPhone; CPU iPhone OS 18_5 like Mac OS X) AppleWebKit/605.1.15 (KHTML, like Gecko) Version/18.5 Mobile/15E148 Safari/604.1',
  accept: 'application/json, text/plain, */*',
  dnt: '1',
  'content-type': 'application/json',
  origin: 'http://localhost:5173',
  'sec-fetch-site': 'same-site',
  'sec-fetch-mode': 'cors',
  'sec-fetch-dest': 'empty',
  referer: 'http://localhost:5173/',
  'accept-encoding': 'gzip, deflate, br, zstd',
  'accept-language': 'en-US,en;q=0.9,fr;q=0.8'
}
[2026-02-24T17:11:09.855Z] GET /api/show/movies/available
Headers: { host: 'localhost:3000', 'user-agent': 'curl/8.7.1', accept: '*/*' }
[DEBUG] Mongoose connection state: 1
[DEBUG] Database name: ticketflicks
[DEBUG] Connection host: ac-tnj8skn-shard-00-00.57yjjst.mongodb.net
[DEBUG] Movie model collection: movies_new
[DEBUG] Movie model name: MovieNew
[DEBUG] Mongoose model count: 0
[DEBUG] Mongoose filtered count: 0
[DEBUG] Native driver count: 0
[getAvailableMovies] showMovieIds: 0
[getAvailableMovies] No shows found, returning all movies
[getAvailableMovies] Total movies in DB: 0
[getAvailableMovies] Retrieved movies: 0
