[dotenv@17.2.3] injecting env (18) from .env -- tip: ⚙️  override existing env vars with { override: true }
[MIGRATE] Script starting...
[MIGRATE] Imports completed
[MIGRATE] Checking if should run migration...
[MIGRATE] import.meta.url: file:///Users/piyushbhagchandani/SDP/SEM%206%20/CODE/movieproj/sdp-dump-2/server/scripts/migrateToNewSchema.js
[MIGRATE] process.argv[1]: /Users/piyushbhagchandani/SDP/SEM 6 /CODE/movieproj/sdp-dump-2/server/scripts/migrateToNewSchema.js
[MIGRATE] 🚀 Starting database migration...
[MIGRATE] Connecting to: mongodb+srv://piyushbhagchandani64:08P5NdHDb5F2CHc4@cluster99.57yjjst.mongodb.net
[MIGRATE] ✅ Connected to MongoDB
[MIGRATE] Starting User migration...
[MIGRATE] ✅ Migrated 0 new users, total in idMaps: 5
[MIGRATE] Starting Theater migration...
[MIGRATE] ✅ Migrated 10 theaters
[MIGRATE] Starting Metadata migration (Genres, Languages, Cast)...
[MIGRATE] ✅ Migrated 10 genres, 1 languages, 17 cast members
[MIGRATE] Starting Movie migration...
[MIGRATE] ✅ Migrated 0 movies
[MIGRATE] Starting Screen migration...
[MIGRATE] ✅ Migrated 9 screens
[MIGRATE] Starting Seat Category migration...
[MIGRATE] ✅ Migrated 2 seat categories
[MIGRATE] Starting Seat migration...
[MIGRATE] ✅ Migrated 2 seat entries
[MIGRATE] Starting Show migration...
[MIGRATE] ✅ Migrated 1 shows
[MIGRATE] Starting Booking migration...
[MIGRATE] ✅ Migrated 0 bookings
[MIGRATE] 
🎉 Migration completed successfully!
[MIGRATE] 
Summary of ID mappings:
[MIGRATE]   Users: 5
[MIGRATE]   Theaters: 10
[MIGRATE]   Movies: 10
[MIGRATE]   Screens: 9
[MIGRATE]   Shows: 1
[MIGRATE] Disconnected from MongoDB
