Database connected
Server listening at http://localhost:3000
[nodeMailer] Gmail transporter verified (smtp.gmail.com:587)
[2026-02-24T17:01:26.568Z] GET /api/show/movies/available
Headers: { host: 'localhost:3000', 'user-agent': 'curl/8.7.1', accept: '*/*' }
[2026-02-24T17:01:59.937Z] GET /api/show/all
Headers: {
  host: 'localhost:3000',
  connection: 'keep-alive',
  'sec-ch-ua-platform': '"macOS"',
  'user-agent': 'Mozilla/5.0 (Macintosh; Intel Mac OS X 10_15_7) AppleWebKit/537.36 (KHTML, like Gecko) Chrome/145.0.0.0 Safari/537.36',
  accept: 'application/json, text/plain, */*',
  'sec-ch-ua': '"Not:A-Brand";v="99", "Google Chrome";v="145", "Chromium";v="145"',
  dnt: '1',
  'sec-ch-ua-mobile': '?0',
  origin: 'http://localhost:5173',
  'sec-fetch-site': 'same-site',
  'sec-fetch-mode': 'cors',
  'sec-fetch-dest': 'empty',
  referer: 'http://localhost:5173/',
  'accept-encoding': 'gzip, deflate, br, zstd',
  'accept-language': 'en-US,en;q=0.9,fr;q=0.8'
}
[2026-02-24T17:01:59.940Z] GET /api/show/upcoming-movies
Headers: {
  host: 'localhost:3000',
  connection: 'keep-alive',
  'sec-ch-ua-platform': '"macOS"',
  'user-agent': 'Mozilla/5.0 (Macintosh; Intel Mac OS X 10_15_7) AppleWebKit/537.36 (KHTML, like Gecko) Chrome/145.0.0.0 Safari/537.36',
  accept: 'application/json, text/plain, */*',
  'sec-ch-ua': '"Not:A-Brand";v="99", "Google Chrome";v="145", "Chromium";v="145"',
  dnt: '1',
  'sec-ch-ua-mobile': '?0',
  origin: 'http://localhost:5173',
  'sec-fetch-site': 'same-site',
  'sec-fetch-mode': 'cors',
  'sec-fetch-dest': 'empty',
  referer: 'http://localhost:5173/',
  'accept-encoding': 'gzip, deflate, br, zstd',
  'accept-language': 'en-US,en;q=0.9,fr;q=0.8'
}
[2026-02-24T17:02:00.045Z] GET /api/show/movies
Headers: {
  host: 'localhost:3000',
  connection: 'keep-alive',
  'sec-ch-ua-platform': '"macOS"',
  'user-agent': 'Mozilla/5.0 (Macintosh; Intel Mac OS X 10_15_7) AppleWebKit/537.36 (KHTML, like Gecko) Chrome/145.0.0.0 Safari/537.36',
  accept: 'application/json, text/plain, */*',
  'sec-ch-ua': '"Not:A-Brand";v="99", "Google Chrome";v="145", "Chromium";v="145"',
  dnt: '1',
  'sec-ch-ua-mobile': '?0',
  origin: 'http://localhost:5173',
  'sec-fetch-site': 'same-site',
  'sec-fetch-mode': 'cors',
  'sec-fetch-dest': 'empty',
  referer: 'http://localhost:5173/',
  'accept-encoding': 'gzip, deflate, br, zstd',
  'accept-language': 'en-US,en;q=0.9,fr;q=0.8',
  'if-none-match': 'W/"1c-MPNkxx6nvwRX//m4eoaOkWn+s/M"'
}
